<!DOCTYPE html PUBLIC "-//W3C//DTD XHTML 1.1//EN" "http://www.w3.org/TR/xhtml11/DTD/xhtml11.dtd">
<html xmlns="http://www.w3.org/1999/xhtml"><head><title>TestNG Report</title><style type="text/css">table {margin-bottom:10px;border-collapse:collapse;empty-cells:show}th,td {border:1px solid #009;padding:.25em .5em}th {vertical-align:bottom}td {vertical-align:top}table a {font-weight:bold}.stripe td {background-color: #E6EBF9}.num {text-align:right}.passedodd td {background-color: #3F3}.passedeven td {background-color: #0A0}.skippedodd td {background-color: #DDD}.skippedeven td {background-color: #CCC}.failedodd td,.attn {background-color: #F33}.failedeven td,.stripe .attn {background-color: #D00}.stacktrace {white-space:pre;font-family:monospace}.totop {font-size:85%;text-align:center;border-bottom:2px solid #000}</style></head><body><table><tr><th>Test</th><th># Passed</th><th># Skipped</th><th># Failed</th><th>Time (ms)</th><th>Included Groups</th><th>Excluded Groups</th></tr><tr><th colspan="7">Test-Suite</th></tr><tr><td><a href="#t0">IOS Test</a></td><td class="num">0</td><td class="num">0</td><td class="num attn">1</td><td class="num">313,561</td><td></td><td></td></tr><tr class="stripe"><td><a href="#t1">Android Test</a></td><td class="num">0</td><td class="num">0</td><td class="num attn">1</td><td class="num">13,547</td><td></td><td></td></tr><tr><td><a href="#t2">Firefox Test</a></td><td class="num">0</td><td class="num">0</td><td class="num">0</td><td class="num">0</td><td></td><td></td></tr><tr><th>Total</th><th class="num">0</th><th class="num">0</th><th class="num attn">2</th><th class="num">327,108</th><th colspan="2"></th></tr></table><table><thead><tr><th>Class</th><th>Method</th><th>Start</th><th>Time (ms)</th></tr></thead><tbody><tr><th colspan="4">Test-Suite</th></tr></tbody><tbody id="t0"><tr><th colspan="4">IOS Test &#8212; failed</th></tr><tr class="failedeven"><td rowspan="1">com.westernunion.feature.AllTest</td><td><a href="#m0">test</a></td><td rowspan="1">1411028728311</td><td rowspan="1">313094</td></tr></tbody><tbody id="t1"><tr><th colspan="4">Android Test &#8212; failed (configuration methods)</th></tr><tr class="failedeven"><td rowspan="1">com.westernunion.feature.AllTest</td><td><a href="#m1">tearDown</a></td><td rowspan="1">1411029055498</td><td rowspan="1">0</td></tr><tr><th colspan="4">Android Test &#8212; failed</th></tr><tr class="failedeven"><td rowspan="1">com.westernunion.feature.AllTest</td><td><a href="#m2">test</a></td><td rowspan="1">1411029041955</td><td rowspan="1">13536</td></tr></tbody><tbody id="t2"></tbody></table><h2>IOS Test</h2><h3 id="m0">com.westernunion.feature.AllTest#test</h3><table class="result"><tr class="param"><th>Parameter #1</th><th>Parameter #2</th></tr><tr class="param stripe"><td>IOS</td><td>http://localhost:18001/wd/hub</td></tr><tr><th colspan="2">Exception</th></tr><tr><td colspan="2"><div class="stacktrace">java.lang.ClassCastException: org.openqa.selenium.remote.RemoteWebElement cannot be cast to org.uiautomation.ios.client.uiamodels.impl.RemoteUIAPickerWheel
	at com.westernunion.resources.RegistrationActivity.registrationActivityPage(RegistrationActivity.java:95)
	at com.westernunion.feature.AllTest.test(AllTest.java:28)
... Removed 24 stack frames</div></td></tr></table><p class="totop"><a href="#summary">back to summary</a></p><h2>Android Test</h2><h3 id="m1">com.westernunion.feature.AllTest#tearDown</h3><table class="result"><tr><th>Exception</th></tr><tr><td><div class="stacktrace">java.lang.NullPointerException
	at com.westernunion.feature.AllTest.tearDown(AllTest.java:35)
... Removed 22 stack frames</div></td></tr></table><p class="totop"><a href="#summary">back to summary</a></p><h3 id="m2">com.westernunion.feature.AllTest#test</h3><table class="result"><tr class="param"><th>Parameter #1</th><th>Parameter #2</th></tr><tr class="param stripe"><td>Android</td><td>http://localhost:18001/wd/hub</td></tr><tr><th colspan="2">Exception</th></tr><tr><td colspan="2"><div class="stacktrace">org.openqa.selenium.SessionNotCreatedException: The requested application under test is not configured in selendroid server.
io.selendroid.exceptions.SessionNotCreatedException: The requested application under test is not configured in selendroid server.
	at io.selendroid.server.model.SelendroidStandaloneDriver.createNewTestSession(SelendroidStandaloneDriver.java:257)
	at io.selendroid.server.handler.CreateSessionHandler.handle(CreateSessionHandler.java:41)
	at io.selendroid.server.SelendroidServlet.handleRequest(SelendroidServlet.java:127)
	at io.selendroid.server.BaseServlet.handleHttpRequest(BaseServlet.java:70)
	at org.webbitserver.netty.NettyHttpControl.nextHandler(NettyHttpControl.java:78)
	at org.webbitserver.netty.NettyHttpControl.nextHandler(NettyHttpControl.java:62)
	at org.webbitserver.handler.PathMatchHandler.handleHttpRequest(PathMatchHandler.java:33)
	at org.webbitserver.netty.NettyHttpControl.nextHandler(NettyHttpControl.java:78)
	at org.webbitserver.netty.NettyHttpControl.nextHandler(NettyHttpControl.java:62)
	at org.webbitserver.handler.DateHeaderHandler.handleHttpRequest(DateHeaderHandler.java:21)
	at org.webbitserver.netty.NettyHttpControl.nextHandler(NettyHttpControl.java:78)
	at org.webbitserver.netty.NettyHttpControl.nextHandler(NettyHttpControl.java:62)
	at org.webbitserver.handler.ServerHeaderHandler.handleHttpRequest(ServerHeaderHandler.java:25)
	at org.webbitserver.netty.NettyHttpControl.nextHandler(NettyHttpControl.java:78)
	at org.webbitserver.netty.NettyHttpControl.nextHandler(NettyHttpControl.java:67)
	at org.webbitserver.netty.NettyHttpChannelHandler$2.run(NettyHttpChannelHandler.java:72)
	at java.util.concurrent.ThreadPoolExecutor.runWorker(ThreadPoolExecutor.java:1145)
	at java.util.concurrent.ThreadPoolExecutor$Worker.run(ThreadPoolExecutor.java:615)
	at java.lang.Thread.run(Thread.java:745)

Command duration or timeout: 6 milliseconds
Build info: version: &apos;unknown&apos;, revision: &apos;unknown&apos;, time: &apos;unknown&apos;
System info: host: &apos;maretskas-Mac-miniQA.local&apos;, ip: &apos;192.168.2.1&apos;, os.name: &apos;Mac OS X&apos;, os.arch: &apos;x86_64&apos;, os.version: &apos;10.8.5&apos;, java.version: &apos;1.7.0_60&apos;
Driver info: io.selendroid.SelendroidDriver
	at org.openqa.selenium.remote.ErrorHandler.createThrowable(ErrorHandler.java:193)
	at org.openqa.selenium.remote.ErrorHandler.throwIfResponseFailed(ErrorHandler.java:145)
	at org.openqa.selenium.remote.RemoteWebDriver.execute(RemoteWebDriver.java:595)
	at org.openqa.selenium.remote.RemoteWebDriver.startSession(RemoteWebDriver.java:240)
	at org.openqa.selenium.remote.RemoteWebDriver.&lt;init&gt;(RemoteWebDriver.java:126)
	at org.openqa.selenium.remote.RemoteWebDriver.&lt;init&gt;(RemoteWebDriver.java:153)
	at org.openqa.selenium.remote.RemoteWebDriver.&lt;init&gt;(RemoteWebDriver.java:143)
	at io.selendroid.SelendroidDriver.&lt;init&gt;(SelendroidDriver.java:47)
	at com.iosdriver.util.CommonUtils.launchWuApp(CommonUtils.java:90)
	at com.iosdriver.util.CommonUtils.selectedPlatformServer(CommonUtils.java:123)
	at com.westernunion.feature.AllTest.test(AllTest.java:21)
Caused by: io.selendroid.exceptions.SessionNotCreatedException: The requested application under test is not configured in selendroid server.
io.selendroid.exceptions.SessionNotCreatedException: The requested application under test is not configured in selendroid server.
	at io.selendroid.server.model.SelendroidStandaloneDriver.createNewTestSession(SelendroidStandaloneDriver.java:257)
	at io.selendroid.server.handler.CreateSessionHandler.handle(CreateSessionHandler.java:41)
	at io.selendroid.server.SelendroidServlet.handleRequest(SelendroidServlet.java:127)
	at io.selendroid.server.BaseServlet.handleHttpRequest(BaseServlet.java:70)
	at org.webbitserver.netty.NettyHttpControl.nextHandler(NettyHttpControl.java:78)
	at org.webbitserver.netty.NettyHttpControl.nextHandler(NettyHttpControl.java:62)
	at org.webbitserver.handler.PathMatchHandler.handleHttpRequest(PathMatchHandler.java:33)
	at org.webbitserver.netty.NettyHttpControl.nextHandler(NettyHttpControl.java:78)
	at org.webbitserver.netty.NettyHttpControl.nextHandler(NettyHttpControl.java:62)
	at org.webbitserver.handler.DateHeaderHandler.handleHttpRequest(DateHeaderHandler.java:21)
	at org.webbitserver.netty.NettyHttpControl.nextHandler(NettyHttpControl.java:78)
	at org.webbitserver.netty.NettyHttpControl.nextHandler(NettyHttpControl.java:62)
	at org.webbitserver.handler.ServerHeaderHandler.handleHttpRequest(ServerHeaderHandler.java:25)
	at org.webbitserver.netty.NettyHttpControl.nextHandler(NettyHttpControl.java:78)
	at org.webbitserver.netty.NettyHttpControl.nextHandler(NettyHttpControl.java:67)
	at org.webbitserver.netty.NettyHttpChannelHandler$2.run(NettyHttpChannelHandler.java:72)
	at java.util.concurrent.ThreadPoolExecutor.runWorker(ThreadPoolExecutor.java:1145)
	at java.util.concurrent.ThreadPoolExecutor$Worker.run(ThreadPoolExecutor.java:615)
	at java.lang.Thread.run(Thread.java:745)

... Removed 28 stack frames</div></td></tr></table><p class="totop"><a href="#summary">back to summary</a></p><h2>Firefox Test</h2></body></html>